[   15    16    17 ... 10800 10801 10802]
query
[[     1    284    307    503      4]
 [     1    308    331    503      4]
 [     1    332    355    503      4]
 ...
 [     1 230668 230691    937      8]
 [     1 230692 230715    937      8]
 [     1 230716 230739    937      8]]
gallery
[[     2      1     24    503      3]
 [     2     25     48    503      3]
 [     2     49     72    503      3]
 ...
 [     2 230355 230378    937      7]
 [     2 230379 230402    937      7]
 [     2 230403 230405    937      7]]
[   15    16    17 ... 10800 10801 10802]
pid_list
[1, 2, 3, 4, 5, 6, 7, 8, 9, 10, 11, 12, 13, 14, 15, 16, 17, 18, 19, 20, 21, 22, 23, 24, 25, 26, 27, 28, 29, 30, 31, 32, 33, 34, 35, 36, 37, 38, 39, 40, 41, 42, 43, 44, 45, 46, 47, 48, 49, 50, 51, 52, 53, 54, 55, 56, 57, 58, 59, 60, 61, 62, 63, 64, 65, 66, 67, 68, 69, 70, 71, 72, 73, 74, 75, 76, 77, 78, 79, 80, 81, 82, 83, 84, 85, 86, 87, 88, 89, 90, 91, 92, 93, 94, 95, 96, 97, 98, 99, 100, 101, 102, 103, 104, 105, 106, 107, 108, 109, 110, 111, 112, 113, 114, 115, 116, 117, 118, 119, 120, 121, 122, 123, 124, 125, 126, 127, 128, 129, 130, 131, 132, 133, 134, 135, 136, 137, 138, 139, 140, 141, 142, 143, 144, 145, 146, 147, 148, 149, 150, 151, 152, 153, 154, 155, 156, 157, 158, 159, 160, 161, 162, 163, 164, 165, 166, 167, 168, 169, 170, 171, 172, 173, 174, 175, 176, 177, 178, 179, 180, 181, 182, 183, 184, 185, 186, 187, 188, 189, 190, 191, 192, 193, 194, 195, 196, 197, 198, 199, 200, 201, 202, 203, 204, 205, 206, 207, 208, 209, 210, 211, 212, 213, 214, 215, 216, 217, 218, 219, 220, 221, 222, 223, 224, 225, 226, 227, 228, 229, 230, 231, 232, 233, 234, 235, 236, 237, 238, 239, 240, 241, 242, 243, 244, 245, 246, 247, 248, 249, 250, 251, 252, 253, 254, 255, 256, 257, 258, 259, 260, 261, 262, 263, 264, 265, 266, 267, 268, 269, 270, 271, 272, 273, 274, 275, 276, 277, 278, 279, 280, 281, 282, 283, 284, 285, 286, 287, 288, 289, 290, 291, 292, 293, 294, 295, 296, 297, 298, 299, 300, 301, 302, 303, 304, 305, 306, 307, 308, 309, 310, 311, 312, 313, 314, 315, 316, 317, 318, 319, 320, 321, 322, 323, 324, 325, 326, 327, 328, 329, 330, 331, 332, 333, 334, 335, 336, 337, 338, 339, 340, 341, 342, 343, 344, 345, 346, 347, 348, 349, 350, 351, 352, 353, 354, 355, 356, 357, 358, 359, 360, 361, 362, 363, 364, 365, 366, 367, 368, 369, 370, 371, 372, 373, 374, 375, 376, 377, 378, 379, 380, 381, 382, 383, 384, 385, 386, 387, 388, 389, 390, 391, 392, 393, 394, 395, 396, 397, 398, 400, 401, 402, 403, 405, 406, 407, 408, 409, 410, 411, 412, 413, 414, 415, 416, 417, 418, 419, 420, 421, 422, 423, 424, 425, 426, 427, 428, 429, 430, 431, 432, 433, 434, 435, 436, 437, 438, 439, 440, 441, 442, 443, 444, 445, 446, 447, 448, 449, 450, 451, 452, 453, 454, 455, 456, 457, 458, 459, 460, 461, 462, 463, 464, 465, 466, 467, 468, 469, 470, 471, 472, 473, 474, 475, 476, 477, 478, 479, 480, 481, 482, 483, 484, 485, 486, 487, 488, 489, 490, 491, 492, 493, 494, 495, 496, 497, 498, 499, 500, 501, 502]
{1: 0, 2: 1, 3: 2, 4: 3, 5: 4, 6: 5, 7: 6, 8: 7, 9: 8, 10: 9, 11: 10, 12: 11, 13: 12, 14: 13, 15: 14, 16: 15, 17: 16, 18: 17, 19: 18, 20: 19, 21: 20, 22: 21, 23: 22, 24: 23, 25: 24, 26: 25, 27: 26, 28: 27, 29: 28, 30: 29, 31: 30, 32: 31, 33: 32, 34: 33, 35: 34, 36: 35, 37: 36, 38: 37, 39: 38, 40: 39, 41: 40, 42: 41, 43: 42, 44: 43, 45: 44, 46: 45, 47: 46, 48: 47, 49: 48, 50: 49, 51: 50, 52: 51, 53: 52, 54: 53, 55: 54, 56: 55, 57: 56, 58: 57, 59: 58, 60: 59, 61: 60, 62: 61, 63: 62, 64: 63, 65: 64, 66: 65, 67: 66, 68: 67, 69: 68, 70: 69, 71: 70, 72: 71, 73: 72, 74: 73, 75: 74, 76: 75, 77: 76, 78: 77, 79: 78, 80: 79, 81: 80, 82: 81, 83: 82, 84: 83, 85: 84, 86: 85, 87: 86, 88: 87, 89: 88, 90: 89, 91: 90, 92: 91, 93: 92, 94: 93, 95: 94, 96: 95, 97: 96, 98: 97, 99: 98, 100: 99, 101: 100, 102: 101, 103: 102, 104: 103, 105: 104, 106: 105, 107: 106, 108: 107, 109: 108, 110: 109, 111: 110, 112: 111, 113: 112, 114: 113, 115: 114, 116: 115, 117: 116, 118: 117, 119: 118, 120: 119, 121: 120, 122: 121, 123: 122, 124: 123, 125: 124, 126: 125, 127: 126, 128: 127, 129: 128, 130: 129, 131: 130, 132: 131, 133: 132, 134: 133, 135: 134, 136: 135, 137: 136, 138: 137, 139: 138, 140: 139, 141: 140, 142: 141, 143: 142, 144: 143, 145: 144, 146: 145, 147: 146, 148: 147, 149: 148, 150: 149, 151: 150, 152: 151, 153: 152, 154: 153, 155: 154, 156: 155, 157: 156, 158: 157, 159: 158, 160: 159, 161: 160, 162: 161, 163: 162, 164: 163, 165: 164, 166: 165, 167: 166, 168: 167, 169: 168, 170: 169, 171: 170, 172: 171, 173: 172, 174: 173, 175: 174, 176: 175, 177: 176, 178: 177, 179: 178, 180: 179, 181: 180, 182: 181, 183: 182, 184: 183, 185: 184, 186: 185, 187: 186, 188: 187, 189: 188, 190: 189, 191: 190, 192: 191, 193: 192, 194: 193, 195: 194, 196: 195, 197: 196, 198: 197, 199: 198, 200: 199, 201: 200, 202: 201, 203: 202, 204: 203, 205: 204, 206: 205, 207: 206, 208: 207, 209: 208, 210: 209, 211: 210, 212: 211, 213: 212, 214: 213, 215: 214, 216: 215, 217: 216, 218: 217, 219: 218, 220: 219, 221: 220, 222: 221, 223: 222, 224: 223, 225: 224, 226: 225, 227: 226, 228: 227, 229: 228, 230: 229, 231: 230, 232: 231, 233: 232, 234: 233, 235: 234, 236: 235, 237: 236, 238: 237, 239: 238, 240: 239, 241: 240, 242: 241, 243: 242, 244: 243, 245: 244, 246: 245, 247: 246, 248: 247, 249: 248, 250: 249, 251: 250, 252: 251, 253: 252, 254: 253, 255: 254, 256: 255, 257: 256, 258: 257, 259: 258, 260: 259, 261: 260, 262: 261, 263: 262, 264: 263, 265: 264, 266: 265, 267: 266, 268: 267, 269: 268, 270: 269, 271: 270, 272: 271, 273: 272, 274: 273, 275: 274, 276: 275, 277: 276, 278: 277, 279: 278, 280: 279, 281: 280, 282: 281, 283: 282, 284: 283, 285: 284, 286: 285, 287: 286, 288: 287, 289: 288, 290: 289, 291: 290, 292: 291, 293: 292, 294: 293, 295: 294, 296: 295, 297: 296, 298: 297, 299: 298, 300: 299, 301: 300, 302: 301, 303: 302, 304: 303, 305: 304, 306: 305, 307: 306, 308: 307, 309: 308, 310: 309, 311: 310, 312: 311, 313: 312, 314: 313, 315: 314, 316: 315, 317: 316, 318: 317, 319: 318, 320: 319, 321: 320, 322: 321, 323: 322, 324: 323, 325: 324, 326: 325, 327: 326, 328: 327, 329: 328, 330: 329, 331: 330, 332: 331, 333: 332, 334: 333, 335: 334, 336: 335, 337: 336, 338: 337, 339: 338, 340: 339, 341: 340, 342: 341, 343: 342, 344: 343, 345: 344, 346: 345, 347: 346, 348: 347, 349: 348, 350: 349, 351: 350, 352: 351, 353: 352, 354: 353, 355: 354, 356: 355, 357: 356, 358: 357, 359: 358, 360: 359, 361: 360, 362: 361, 363: 362, 364: 363, 365: 364, 366: 365, 367: 366, 368: 367, 369: 368, 370: 369, 371: 370, 372: 371, 373: 372, 374: 373, 375: 374, 376: 375, 377: 376, 378: 377, 379: 378, 380: 379, 381: 380, 382: 381, 383: 382, 384: 383, 385: 384, 386: 385, 387: 386, 388: 387, 389: 388, 390: 389, 391: 390, 392: 391, 393: 392, 394: 393, 395: 394, 396: 395, 397: 396, 398: 397, 400: 398, 401: 399, 402: 400, 403: 401, 405: 402, 406: 403, 407: 404, 408: 405, 409: 406, 410: 407, 411: 408, 412: 409, 413: 410, 414: 411, 415: 412, 416: 413, 417: 414, 418: 415, 419: 416, 420: 417, 421: 418, 422: 419, 423: 420, 424: 421, 425: 422, 426: 423, 427: 424, 428: 425, 429: 426, 430: 427, 431: 428, 432: 429, 433: 430, 434: 431, 435: 432, 436: 433, 437: 434, 438: 435, 439: 436, 440: 437, 441: 438, 442: 439, 443: 440, 444: 441, 445: 442, 446: 443, 447: 444, 448: 445, 449: 446, 450: 447, 451: 448, 452: 449, 453: 450, 454: 451, 455: 452, 456: 453, 457: 454, 458: 455, 459: 456, 460: 457, 461: 458, 462: 459, 463: 460, 464: 461, 465: 462, 466: 463, 467: 464, 468: 465, 469: 466, 470: 467, 471: 468, 472: 469, 473: 470, 474: 471, 475: 472, 476: 473, 477: 474, 478: 475, 479: 476, 480: 477, 481: 478, 482: 479, 483: 480, 484: 481, 485: 482, 486: 483, 487: 484, 488: 485, 489: 486, 490: 487, 491: 488, 492: 489, 493: 490, 494: 491, 495: 492, 496: 493, 497: 494, 498: 495, 499: 496, 500: 497, 501: 498, 502: 499}
=> VCM loaded
Dataset statistics:
---------------------------------
subset      | # ids | # tracklets
---------------------------------
train_ir    |   500 |     4291
train_rgb   |   500 |     5460
query       |   427 |     4584
gallery     |   427 |     5099
---------------------------------
wandb: Currently logged in as: jwj1342. Use `wandb login --relogin` to force relogin
wandb: - Waiting for wandb.init()...wandb: \ Waiting for wandb.init()...wandb: wandb version 0.16.4 is available!  To upgrade, please run:
wandb:  $ pip install wandb --upgrade
wandb: Tracking run with wandb version 0.16.3
wandb: Run data is saved locally in /root/autodl-tmp/experiment/PCReid/wandb/run-20240308_115329-jitggva2
wandb: Run `wandb offline` to turn off syncing.
wandb: Syncing run solar-disco-5
wandb: ⭐️ View project at https://wandb.ai/jwj1342/PoseReid
wandb: 🚀 View run at https://wandb.ai/jwj1342/PoseReid/runs/jitggva2
ir_label    | [  0   1   2   3   4   5   6   7   8   9  10  11  12  13  14  15  16  17
  18  19  20  21  22  23  24  25  26  27  28  29  30  31  32  33  34  35
  36  37  38  39  40  41  42  43  44  45  46  47  48  49  50  51  52  53
  54  55  56  57  58  59  60  61  62  63  64  65  66  67  68  69  70  71
  72  73  74  75  76  77  78  79  80  81  82  83  84  85  86  87  88  89
  90  91  92  93  94  95  96  97  98  99 100 101 102 103 104 105 106 107
 108 109 110 111 112 113 114 115 116 117 118 119 120 121 122 123 124 125
 126 127 128 129 130 131 132 133 134 135 136 137 138 139 140 141 142 143
 144 145 146 147 148 149 150 151 152 153 154 155 156 157 158 159 160 161
 162 163 164 165 166 167 168 169 170 171 172 173 174 175 176 177 178 179
 180 181 182 183 184 185 186 187 188 189 190 191 192 193 194 195 196 197
 198 199 200 201 202 203 204 205 206 207 208 209 210 211 212 213 214 215
 216 217 218 219 220 221 222 223 224 225 226 227 228 229 230 231 232 233
 234 235 236 237 238 239 240 241 242 243 244 245 246 247 248 249 250 251
 252 253 254 255 256 257 258 259 260 261 262 263 264 265 266 267 268 269
 270 271 272 273 274 275 276 277 278 279 280 281 282 283 284 285 286 287
 288 289 290 291 292 293 294 295 296 297 298 299 300 301 302 303 304 305
 306 307 308 309 310 311 312 313 314 315 316 317 318 319 320 321 322 323
 324 325 326 327 328 329 330 331 332 333 334 335 336 337 338 339 340 341
 342 343 344 345 346 347 348 349 350 351 352 353 354 355 356 357 358 359
 360 361 362 363 364 365 366 367 368 369 370 371 372 373 374 375 376 377
 378 379 380 381 382 383 384 385 386 387 388 389 390 391 392 393 394 395
 396 397 398 399 400 401 402 403 404 405 406 407 408 409 410 411 412 413
 414 415 416 417 418 419 420 421 422 423 424 425 426 427 428 429 430 431
 432 433 434 435 436 437 438 439 440 441 442 443 444 445 446 447 448 449
 450 451 452 453 454 455 456 457 458 459 460 461 462 463 464 465 466 467
 468 469 470 471 472 473 474 475 476 477 478 479 480 481 482 483 484 485
 486 487 488 489 490 491 492 493 494 495 496 497 498 499]
rgb_label   | [  0   1   2   3   4   5   6   7   8   9  10  11  12  13  14  15  16  17
  18  19  20  21  22  23  24  25  26  27  28  29  30  31  32  33  34  35
  36  37  38  39  40  41  42  43  44  45  46  47  48  49  50  51  52  53
  54  55  56  57  58  59  60  61  62  63  64  65  66  67  68  69  70  71
  72  73  74  75  76  77  78  79  80  81  82  83  84  85  86  87  88  89
  90  91  92  93  94  95  96  97  98  99 100 101 102 103 104 105 106 107
 108 109 110 111 112 113 114 115 116 117 118 119 120 121 122 123 124 125
 126 127 128 129 130 131 132 133 134 135 136 137 138 139 140 141 142 143
 144 145 146 147 148 149 150 151 152 153 154 155 156 157 158 159 160 161
 162 163 164 165 166 167 168 169 170 171 172 173 174 175 176 177 178 179
 180 181 182 183 184 185 186 187 188 189 190 191 192 193 194 195 196 197
 198 199 200 201 202 203 204 205 206 207 208 209 210 211 212 213 214 215
 216 217 218 219 220 221 222 223 224 225 226 227 228 229 230 231 232 233
 234 235 236 237 238 239 240 241 242 243 244 245 246 247 248 249 250 251
 252 253 254 255 256 257 258 259 260 261 262 263 264 265 266 267 268 269
 270 271 272 273 274 275 276 277 278 279 280 281 282 283 284 285 286 287
 288 289 290 291 292 293 294 295 296 297 298 299 300 301 302 303 304 305
 306 307 308 309 310 311 312 313 314 315 316 317 318 319 320 321 322 323
 324 325 326 327 328 329 330 331 332 333 334 335 336 337 338 339 340 341
 342 343 344 345 346 347 348 349 350 351 352 353 354 355 356 357 358 359
 360 361 362 363 364 365 366 367 368 369 370 371 372 373 374 375 376 377
 378 379 380 381 382 383 384 385 386 387 388 389 390 391 392 393 394 395
 396 397 398 399 400 401 402 403 404 405 406 407 408 409 410 411 412 413
 414 415 416 417 418 419 420 421 422 423 424 425 426 427 428 429 430 431
 432 433 434 435 436 437 438 439 440 441 442 443 444 445 446 447 448 449
 450 451 452 453 454 455 456 457 458 459 460 461 462 463 464 465 466 467
 468 469 470 471 472 473 474 475 476 477 478 479 480 481 482 483 484 485
 486 487 488 489 490 491 492 493 494 495 496 497 498 499]
Epoch: [0][20/268]	Avg Loss 2.6956 Loss_id 1.7169 Loss_tri 0.0000 Time 27.89 seconds
Epoch: [0][40/268]	Avg Loss 2.0931 Loss_id 1.0047 Loss_tri 0.4817 Time 22.18 seconds
Epoch: [0][60/268]	Avg Loss 2.0192 Loss_id 1.1577 Loss_tri 0.1797 Time 22.23 seconds
Epoch: [0][80/268]	Avg Loss 1.9157 Loss_id 1.5534 Loss_tri 0.6682 Time 22.22 seconds
Epoch: [0][100/268]	Avg Loss 1.8866 Loss_id 1.0059 Loss_tri 0.6163 Time 22.29 seconds
Epoch: [0][120/268]	Avg Loss 1.7814 Loss_id 2.3621 Loss_tri 0.9428 Time 22.27 seconds
Epoch: [0][140/268]	Avg Loss 1.5629 Loss_id 1.1235 Loss_tri 0.1298 Time 22.30 seconds
Epoch: [0][160/268]	Avg Loss 1.7657 Loss_id 1.1111 Loss_tri 0.9398 Time 22.26 seconds
Epoch: [0][180/268]	Avg Loss 1.4895 Loss_id 1.2522 Loss_tri 0.0000 Time 22.28 seconds
Epoch: [0][200/268]	Avg Loss 1.5313 Loss_id 1.3737 Loss_tri 1.3077 Time 22.27 seconds
Epoch: [0][220/268]	Avg Loss 1.8198 Loss_id 1.9528 Loss_tri 0.4640 Time 22.34 seconds
Epoch: [0][240/268]	Avg Loss 1.6018 Loss_id 1.7198 Loss_tri 0.0227 Time 22.32 seconds
Epoch: [0][260/268]	Avg Loss 1.7087 Loss_id 0.7923 Loss_tri 0.2121 Time 22.29 seconds
Epoch: [1][20/268]	Avg Loss 1.4219 Loss_id 0.9373 Loss_tri 0.0000 Time 27.79 seconds
Epoch: [1][40/268]	Avg Loss 1.0139 Loss_id 0.5768 Loss_tri 0.0787 Time 22.21 seconds
Epoch: [1][60/268]	Avg Loss 1.1207 Loss_id 0.8159 Loss_tri 0.1068 Time 22.20 seconds
Epoch: [1][80/268]	Avg Loss 1.2154 Loss_id 1.2379 Loss_tri 0.1189 Time 22.23 seconds
Epoch: [1][100/268]	Avg Loss 0.9588 Loss_id 0.6970 Loss_tri 0.0000 Time 22.18 seconds
Epoch: [1][120/268]	Avg Loss 0.9740 Loss_id 1.4631 Loss_tri 0.0000 Time 22.27 seconds
Epoch: [1][140/268]	Avg Loss 0.8920 Loss_id 0.8240 Loss_tri 0.0814 Time 22.16 seconds
Epoch: [1][160/268]	Avg Loss 1.0363 Loss_id 0.6747 Loss_tri 0.0373 Time 22.15 seconds
Epoch: [1][180/268]	Avg Loss 0.8666 Loss_id 0.9341 Loss_tri 0.0000 Time 22.13 seconds
Epoch: [1][200/268]	Avg Loss 0.8397 Loss_id 1.1201 Loss_tri 0.1250 Time 22.21 seconds
Epoch: [1][220/268]	Avg Loss 1.0472 Loss_id 1.3949 Loss_tri 0.1208 Time 22.16 seconds
Epoch: [1][240/268]	Avg Loss 0.9246 Loss_id 1.3849 Loss_tri 0.2565 Time 22.21 seconds
Epoch: [1][260/268]	Avg Loss 0.9471 Loss_id 0.4891 Loss_tri 0.0637 Time 22.14 seconds
Extracting Gallery Feature...
Extracting Query Feature...
Computing CMC and mAP
Results ----------
testmAP: 10.7%
CMC curve
Rank-1  : 15.0%
Rank-5  : 30.6%
Rank-10 : 39.4%
Rank-20 : 49.2%
------------------
Extracting Gallery Feature...
Extracting Query Feature...
Computing CMC and mAP
Results ----------
testmAP: 18.4%
CMC curve
Rank-1  : 25.4%
Rank-5  : 45.7%
Rank-10 : 54.6%
Rank-20 : 64.1%
------------------
Epoch: [2][20/268]	Avg Loss 0.9515 Loss_id 0.6991 Loss_tri 0.0136 Time 27.93 seconds
Epoch: [2][40/268]	Avg Loss 0.6937 Loss_id 0.3704 Loss_tri 0.0000 Time 22.16 seconds
Epoch: [2][60/268]	Avg Loss 0.7098 Loss_id 0.6448 Loss_tri 0.0000 Time 22.18 seconds
Epoch: [2][80/268]	Avg Loss 0.7957 Loss_id 0.9625 Loss_tri 0.0000 Time 22.22 seconds
Epoch: [2][100/268]	Avg Loss 0.6786 Loss_id 0.5201 Loss_tri 0.1645 Time 22.18 seconds
Epoch: [2][120/268]	Avg Loss 0.6775 Loss_id 1.0190 Loss_tri 0.0000 Time 22.21 seconds
Epoch: [2][140/268]	Avg Loss 0.6206 Loss_id 0.5371 Loss_tri 0.0000 Time 22.18 seconds
Epoch: [2][160/268]	Avg Loss 0.7115 Loss_id 0.4369 Loss_tri 0.0000 Time 22.22 seconds
Epoch: [2][180/268]	Avg Loss 0.5618 Loss_id 0.8110 Loss_tri 0.0036 Time 22.20 seconds
Epoch: [2][200/268]	Avg Loss 0.6114 Loss_id 0.7691 Loss_tri 0.0000 Time 22.18 seconds
Epoch: [2][220/268]	Avg Loss 0.7203 Loss_id 0.9872 Loss_tri 0.0000 Time 22.24 seconds
Epoch: [2][240/268]	Avg Loss 0.5921 Loss_id 1.0394 Loss_tri 0.0139 Time 22.19 seconds
Epoch: [2][260/268]	Avg Loss 0.6547 Loss_id 0.3727 Loss_tri 0.0000 Time 22.22 seconds
Extracting Gallery Feature...
Extracting Query Feature...
Computing CMC and mAP
Results ----------
testmAP: 9.9%
CMC curve
Rank-1  : 13.7%
Rank-5  : 29.3%
Rank-10 : 37.8%
Rank-20 : 47.4%
------------------
Extracting Gallery Feature...
Extracting Query Feature...
Computing CMC and mAP
Results ----------
testmAP: 18.7%
CMC curve
Rank-1  : 26.4%
Rank-5  : 45.6%
Rank-10 : 55.1%
Rank-20 : 65.2%
------------------
Epoch: [3][20/268]	Avg Loss 0.7096 Loss_id 0.5250 Loss_tri 0.1602 Time 28.07 seconds
Epoch: [3][40/268]	Avg Loss 0.4717 Loss_id 0.2410 Loss_tri 0.0000 Time 22.17 seconds
Epoch: [3][60/268]	Avg Loss 0.4984 Loss_id 0.4602 Loss_tri 0.0000 Time 22.17 seconds
Epoch: [3][80/268]	Avg Loss 0.5857 Loss_id 0.8163 Loss_tri 0.0000 Time 22.17 seconds
Epoch: [3][100/268]	Avg Loss 0.5063 Loss_id 0.4333 Loss_tri 0.0000 Time 22.21 seconds
Epoch: [3][120/268]	Avg Loss 0.5090 Loss_id 0.7711 Loss_tri 0.0407 Time 22.22 seconds
Epoch: [3][140/268]	Avg Loss 0.4705 Loss_id 0.4264 Loss_tri 0.0000 Time 22.18 seconds
Epoch: [3][160/268]	Avg Loss 0.5388 Loss_id 0.4026 Loss_tri 0.0059 Time 22.19 seconds
Epoch: [3][180/268]	Avg Loss 0.4125 Loss_id 0.5907 Loss_tri 0.0000 Time 22.26 seconds
Epoch: [3][200/268]	Avg Loss 0.4491 Loss_id 0.6372 Loss_tri 0.2110 Time 22.33 seconds
Epoch: [3][220/268]	Avg Loss 0.5465 Loss_id 0.6852 Loss_tri 0.0247 Time 22.20 seconds
Epoch: [3][240/268]	Avg Loss 0.4845 Loss_id 0.7684 Loss_tri 0.0000 Time 22.15 seconds
Epoch: [3][260/268]	Avg Loss 0.5413 Loss_id 0.3292 Loss_tri 0.0000 Time 22.14 seconds
Extracting Gallery Feature...
Extracting Query Feature...
Computing CMC and mAP
Results ----------
testmAP: 10.0%
CMC curve
Rank-1  : 14.1%
Rank-5  : 28.8%
Rank-10 : 37.2%
Rank-20 : 46.9%
------------------
Extracting Gallery Feature...
Extracting Query Feature...
Computing CMC and mAP
Results ----------
testmAP: 18.7%
CMC curve
Rank-1  : 26.3%
Rank-5  : 46.4%
Rank-10 : 55.7%
Rank-20 : 64.6%
------------------
Epoch: [4][20/268]	Avg Loss 0.5121 Loss_id 0.3724 Loss_tri 0.0000 Time 28.12 seconds
Epoch: [4][40/268]	Avg Loss 0.3800 Loss_id 0.2472 Loss_tri 0.0000 Time 22.13 seconds
Epoch: [4][60/268]	Avg Loss 0.4016 Loss_id 0.3853 Loss_tri 0.0000 Time 22.17 seconds
Epoch: [4][80/268]	Avg Loss 0.4714 Loss_id 0.6126 Loss_tri 0.0000 Time 22.22 seconds
Epoch: [4][100/268]	Avg Loss 0.3910 Loss_id 0.3310 Loss_tri 0.0000 Time 22.13 seconds
Epoch: [4][120/268]	Avg Loss 0.4194 Loss_id 0.5700 Loss_tri 0.0000 Time 22.21 seconds
Epoch: [4][140/268]	Avg Loss 0.3610 Loss_id 0.3528 Loss_tri 0.0000 Time 22.23 seconds
Epoch: [4][160/268]	Avg Loss 0.4194 Loss_id 0.2893 Loss_tri 0.0000 Time 22.17 seconds
Epoch: [4][180/268]	Avg Loss 0.3459 Loss_id 0.5344 Loss_tri 0.0031 Time 22.20 seconds
Epoch: [4][200/268]	Avg Loss 0.3670 Loss_id 0.4808 Loss_tri 0.0000 Time 22.22 seconds
Epoch: [4][220/268]	Avg Loss 0.4457 Loss_id 0.4883 Loss_tri 0.0000 Time 22.18 seconds
Epoch: [4][240/268]	Avg Loss 0.4135 Loss_id 0.5868 Loss_tri 0.0000 Time 22.20 seconds
Epoch: [4][260/268]	Avg Loss 0.4382 Loss_id 0.2918 Loss_tri 0.0000 Time 22.19 seconds
Extracting Gallery Feature...
Extracting Query Feature...
Computing CMC and mAP
Results ----------
testmAP: 10.6%
CMC curve
Rank-1  : 14.6%
Rank-5  : 29.8%
Rank-10 : 38.2%
Rank-20 : 47.9%
------------------
Extracting Gallery Feature...
Extracting Query Feature...
Computing CMC and mAP
Results ----------
testmAP: 19.6%
CMC curve
Rank-1  : 27.4%
Rank-5  : 47.4%
Rank-10 : 57.1%
Rank-20 : 67.0%
------------------
Epoch: [5][20/268]	Avg Loss 0.4193 Loss_id 0.2983 Loss_tri 0.0108 Time 27.77 seconds
Epoch: [5][40/268]	Avg Loss 0.3044 Loss_id 0.1875 Loss_tri 0.0000 Time 22.12 seconds
Epoch: [5][60/268]	Avg Loss 0.3442 Loss_id 0.2903 Loss_tri 0.0000 Time 22.12 seconds
Epoch: [5][80/268]	Avg Loss 0.3628 Loss_id 0.5143 Loss_tri 0.0000 Time 22.11 seconds
Epoch: [5][100/268]	Avg Loss 0.3234 Loss_id 0.3238 Loss_tri 0.0000 Time 22.12 seconds
Epoch: [5][120/268]	Avg Loss 0.3227 Loss_id 0.4616 Loss_tri 0.0000 Time 22.17 seconds
Epoch: [5][140/268]	Avg Loss 0.2989 Loss_id 0.3105 Loss_tri 0.0000 Time 22.16 seconds
Epoch: [5][160/268]	Avg Loss 0.3557 Loss_id 0.2667 Loss_tri 0.0000 Time 22.12 seconds
Epoch: [5][180/268]	Avg Loss 0.2657 Loss_id 0.4358 Loss_tri 0.0000 Time 22.15 seconds
Epoch: [5][200/268]	Avg Loss 0.2897 Loss_id 0.4446 Loss_tri 0.0000 Time 22.16 seconds
Epoch: [5][220/268]	Avg Loss 0.3490 Loss_id 0.3806 Loss_tri 0.0000 Time 22.19 seconds
Epoch: [5][240/268]	Avg Loss 0.3064 Loss_id 0.3897 Loss_tri 0.0005 Time 22.20 seconds
Epoch: [5][260/268]	Avg Loss 0.3416 Loss_id 0.2462 Loss_tri 0.0000 Time 22.17 seconds
Extracting Gallery Feature...
Extracting Query Feature...
Computing CMC and mAP
Results ----------
testmAP: 10.8%
CMC curve
Rank-1  : 15.2%
Rank-5  : 30.7%
Rank-10 : 39.5%
Rank-20 : 49.3%
------------------
Extracting Gallery Feature...
Extracting Query Feature...
Computing CMC and mAP
Results ----------
testmAP: 19.3%
CMC curve
Rank-1  : 26.9%
Rank-5  : 46.2%
Rank-10 : 55.7%
Rank-20 : 65.4%
------------------
Epoch: [6][20/268]	Avg Loss 0.3457 Loss_id 0.2539 Loss_tri 0.0000 Time 27.95 seconds
Epoch: [6][40/268]	Avg Loss 0.2563 Loss_id 0.1652 Loss_tri 0.0000 Time 22.20 seconds
Epoch: [6][60/268]	Avg Loss 0.2579 Loss_id 0.2555 Loss_tri 0.0000 Time 22.22 seconds
Epoch: [6][80/268]	Avg Loss 0.3018 Loss_id 0.3951 Loss_tri 0.0000 Time 22.20 seconds
Epoch: [6][100/268]	Avg Loss 0.2782 Loss_id 0.2681 Loss_tri 0.0000 Time 22.20 seconds
Epoch: [6][120/268]	Avg Loss 0.2853 Loss_id 0.3819 Loss_tri 0.0000 Time 22.19 seconds
Epoch: [6][140/268]	Avg Loss 0.2493 Loss_id 0.2712 Loss_tri 0.0000 Time 22.23 seconds
Epoch: [6][160/268]	Avg Loss 0.2999 Loss_id 0.2352 Loss_tri 0.0000 Time 22.23 seconds
Epoch: [6][180/268]	Avg Loss 0.2376 Loss_id 0.3494 Loss_tri 0.0000 Time 22.18 seconds
Epoch: [6][200/268]	Avg Loss 0.2754 Loss_id 0.4083 Loss_tri 0.2165 Time 22.19 seconds
Epoch: [6][220/268]	Avg Loss 0.3027 Loss_id 0.2964 Loss_tri 0.0000 Time 22.15 seconds
Epoch: [6][240/268]	Avg Loss 0.2671 Loss_id 0.3033 Loss_tri 0.0000 Time 22.23 seconds
Epoch: [6][260/268]	Avg Loss 0.2803 Loss_id 0.2078 Loss_tri 0.0000 Time 22.25 seconds
Extracting Gallery Feature...
Extracting Query Feature...
Computing CMC and mAP
Results ----------
testmAP: 10.4%
CMC curve
Rank-1  : 14.3%
Rank-5  : 29.6%
Rank-10 : 38.0%
Rank-20 : 48.2%
------------------
Extracting Gallery Feature...
Extracting Query Feature...
Computing CMC and mAP
Results ----------
testmAP: 19.2%
CMC curve
Rank-1  : 26.8%
Rank-5  : 46.0%
Rank-10 : 54.7%
Rank-20 : 65.0%
------------------
Epoch: [7][20/268]	Avg Loss 0.2861 Loss_id 0.2514 Loss_tri 0.0000 Time 28.02 seconds
Epoch: [7][40/268]	Avg Loss 0.2271 Loss_id 0.1177 Loss_tri 0.0000 Time 22.24 seconds
Epoch: [7][60/268]	Avg Loss 0.2276 Loss_id 0.2049 Loss_tri 0.0000 Time 22.23 seconds
Epoch: [7][80/268]	Avg Loss 0.2885 Loss_id 0.3278 Loss_tri 0.0000 Time 22.21 seconds
Epoch: [7][100/268]	Avg Loss 0.2475 Loss_id 0.2523 Loss_tri 0.0234 Time 22.21 seconds
Epoch: [7][120/268]	Avg Loss 0.2275 Loss_id 0.3228 Loss_tri 0.0000 Time 22.26 seconds
Epoch: [7][140/268]	Avg Loss 0.2120 Loss_id 0.2279 Loss_tri 0.0000 Time 22.35 seconds
Epoch: [7][160/268]	Avg Loss 0.2595 Loss_id 0.2027 Loss_tri 0.0000 Time 22.21 seconds
Epoch: [7][180/268]	Avg Loss 0.2072 Loss_id 0.2981 Loss_tri 0.0000 Time 22.22 seconds
Epoch: [7][200/268]	Avg Loss 0.2160 Loss_id 0.3131 Loss_tri 0.0000 Time 22.16 seconds
Epoch: [7][220/268]	Avg Loss 0.2299 Loss_id 0.2398 Loss_tri 0.0000 Time 22.18 seconds
Epoch: [7][240/268]	Avg Loss 0.2220 Loss_id 0.2636 Loss_tri 0.0000 Time 22.21 seconds
Epoch: [7][260/268]	Avg Loss 0.2370 Loss_id 0.2028 Loss_tri 0.0000 Time 22.24 seconds
Extracting Gallery Feature...
Extracting Query Feature...
Computing CMC and mAP
Results ----------
testmAP: 10.3%
CMC curve
Rank-1  : 14.6%
Rank-5  : 29.4%
Rank-10 : 38.1%
Rank-20 : 48.0%
------------------
Extracting Gallery Feature...
Extracting Query Feature...
Computing CMC and mAP
Results ----------
testmAP: 19.0%
CMC curve
Rank-1  : 26.4%
Rank-5  : 46.2%
Rank-10 : 55.6%
Rank-20 : 64.5%
------------------
Epoch: [8][20/268]	Avg Loss 0.2437 Loss_id 0.1960 Loss_tri 0.0000 Time 28.03 seconds
Epoch: [8][40/268]	Avg Loss 0.1918 Loss_id 0.1097 Loss_tri 0.0000 Time 22.18 seconds
Epoch: [8][60/268]	Avg Loss 0.1873 Loss_id 0.1965 Loss_tri 0.0000 Time 22.24 seconds
Epoch: [8][80/268]	Avg Loss 0.2258 Loss_id 0.2512 Loss_tri 0.0000 Time 22.21 seconds
Epoch: [8][100/268]	Avg Loss 0.1983 Loss_id 0.2176 Loss_tri 0.0000 Time 22.17 seconds
Epoch: [8][120/268]	Avg Loss 0.1921 Loss_id 0.2396 Loss_tri 0.0000 Time 22.18 seconds
Epoch: [8][140/268]	Avg Loss 0.1907 Loss_id 0.1944 Loss_tri 0.0000 Time 22.25 seconds
Epoch: [8][160/268]	Avg Loss 0.2189 Loss_id 0.1781 Loss_tri 0.0000 Time 22.18 seconds
Epoch: [8][180/268]	Avg Loss 0.1847 Loss_id 0.2506 Loss_tri 0.0000 Time 22.27 seconds
wandb: - 0.014 MB of 0.014 MB uploadedwandb: \ 0.014 MB of 0.014 MB uploadedwandb: | 0.014 MB of 0.014 MB uploadedwandb: / 0.014 MB of 0.014 MB uploadedwandb: - 0.014 MB of 0.014 MB uploadedwandb: \ 0.225 MB of 0.234 MB uploaded (0.003 MB deduped)wandb: | 0.226 MB of 0.583 MB uploaded (0.003 MB deduped)wandb: / 0.567 MB of 0.583 MB uploaded (0.003 MB deduped)wandb: - 0.583 MB of 0.583 MB uploaded (0.003 MB deduped)wandb: \ 0.583 MB of 0.583 MB uploaded (0.003 MB deduped)wandb: 
wandb: Run history:
wandb:    Avg Loss █▆▅▅▅▃▃▃▃▃▂▂▂▂▂▂▂▂▂▂▂▁▂▁▁▁▁▁▁▁▁▁▁▁▁▁▁▁▁▁
wandb:   Batch_idx ▁▂▄▆▇▂▃▅▆█▂▄▆▇▂▃▅▆█▂▄▆▇▂▃▅▆█▂▄▆▇▁▃▅▆█▂▄▆
wandb:       Epoch ▁▁▁▁▁▂▂▂▂▂▃▃▃▃▄▄▄▄▄▅▅▅▅▅▅▅▅▅▆▆▆▆▇▇▇▇▇███
wandb:     Loss_id ▆▄█▄▆▂▃▃▄▂▂▄▃▄▁▂▂▂▁▂▂▂▂▁▂▁▂▁▁▂▂▁▁▁▁▁▁▁▁▁
wandb:    Loss_tri ▁▂█▁▁▂▁▁▂▁▁▁▁▁▁▁▁▃▁▁▁▁▁▁▁▁▁▁▁▁▁▁▁▁▁▁▁▁▁▁
wandb:        Time █▁▁▁▁▁▁▁▁▁▁▁▁▁▁▁▁▁▁▁▁▁▁▁▁▁▁▁▁▁▁▁█▁▁▁▁▁▁▁
wandb:       epoch ▁▁▁▁▁▁▂▂▂▂▂▂▃▃▃▃▃▃▅▅▅▅▅▆▆▆▆▆▆▇▇▇▇▇▇█████
wandb:     mAP_t2v ▇▁▂▇█▅▄
wandb:     mAP_v2t ▁▃▃█▆▅▄
wandb:  t2v-Rank-1 ▇▁▃▅█▄▅
wandb: t2v-Rank-20 █▃▁▅█▄▃
wandb:  v2t-Rank-1 ▁▅▄█▆▆▅
wandb: v2t-Rank-20 ▁▁▄█▃▂▃
wandb: 
wandb: Run summary:
wandb:    Avg Loss 0.18466
wandb:   Batch_idx 180
wandb:       Epoch 8
wandb:     Loss_id 0.25058
wandb:    Loss_tri 0.0
wandb:        Time 22.26706
wandb:       epoch 7
wandb:     mAP_t2v 0.10255
wandb:     mAP_v2t 0.18984
wandb:  t2v-Rank-1 0.14572
wandb: t2v-Rank-20 0.29363
wandb:  v2t-Rank-1 0.26397
wandb: v2t-Rank-20 0.46166
wandb: 
wandb: 🚀 View run solar-disco-5 at: https://wandb.ai/jwj1342/PoseReid/runs/jitggva2
wandb: ️⚡ View job at https://wandb.ai/jwj1342/PoseReid/jobs/QXJ0aWZhY3RDb2xsZWN0aW9uOjE0NjY1NDkyNQ==/version_details/v2
wandb: Synced 6 W&B file(s), 0 media file(s), 2 artifact file(s) and 0 other file(s)
wandb: Find logs at: ./wandb/run-20240308_115329-jitggva2/logs
Traceback (most recent call last):
  File "trainer.py", line 115, in <module>
    optimizer.step()
  File "/root/miniconda3/lib/python3.8/site-packages/torch/optim/optimizer.py", line 88, in wrapper
    return func(*args, **kwargs)
  File "/root/miniconda3/lib/python3.8/site-packages/torch/autograd/grad_mode.py", line 27, in decorate_context
    return func(*args, **kwargs)
  File "/root/miniconda3/lib/python3.8/site-packages/torch/optim/sgd.py", line 144, in step
    F.sgd(params_with_grad,
  File "/root/miniconda3/lib/python3.8/site-packages/torch/optim/_functional.py", line 194, in sgd
    param.add_(d_p, alpha=alpha)
KeyboardInterrupt
